0 info it worked if it ends with ok
1 verbose cli [ 'C:\\Program Files\\nodejs\\node.exe',
1 verbose cli   'C:\\Program Files\\nodejs\\node_modules\\npm\\bin\\npm-cli.js',
1 verbose cli   'run',
1 verbose cli   'jit' ]
2 info using npm@3.10.8
3 info using node@v6.9.1
4 verbose run-script [ 'prejit', 'jit', 'postjit' ]
5 info lifecycle f5.web@1.0.1~prejit: f5.web@1.0.1
6 silly lifecycle f5.web@1.0.1~prejit: no script for prejit, continuing
7 info lifecycle f5.web@1.0.1~jit: f5.web@1.0.1
8 verbose lifecycle f5.web@1.0.1~jit: unsafe-perm in lifecycle true
9 verbose lifecycle f5.web@1.0.1~jit: PATH: C:\Program Files\nodejs\node_modules\npm\bin\node-gyp-bin;D:\wwwroot\f5.web\node_modules\.bin;C:\Python27\;C:\Windows\system32;C:\Windows;C:\Windows\System32\Wbem;C:\Windows\System32\WindowsPowerShell\v1.0\;C:\Program Files (x86)\Windows Kits\8.1\Windows Performance Toolkit\;C:\Program Files\Microsoft SQL Server\110\Tools\Binn\;C:\Program Files\nodejs\;C:\Users\Administrator\AppData\Roaming\npm
10 verbose lifecycle f5.web@1.0.1~jit: CWD: D:\wwwroot\f5.web
11 silly lifecycle f5.web@1.0.1~jit: Args: [ '/d /s /c',
11 silly lifecycle   'npm run webpack-jit && webpack-dev-server --config webpack.jit.config.js --port 4201' ]
12 silly lifecycle f5.web@1.0.1~jit: Returned: code: 3221225786  signal: null
13 info lifecycle f5.web@1.0.1~jit: Failed to exec jit script
14 verbose stack Error: f5.web@1.0.1 jit: `npm run webpack-jit && webpack-dev-server --config webpack.jit.config.js --port 4201`
14 verbose stack Exit status 3221225786
14 verbose stack     at EventEmitter.<anonymous> (C:\Program Files\nodejs\node_modules\npm\lib\utils\lifecycle.js:255:16)
14 verbose stack     at emitTwo (events.js:106:13)
14 verbose stack     at EventEmitter.emit (events.js:191:7)
14 verbose stack     at ChildProcess.<anonymous> (C:\Program Files\nodejs\node_modules\npm\lib\utils\spawn.js:40:14)
14 verbose stack     at emitTwo (events.js:106:13)
14 verbose stack     at ChildProcess.emit (events.js:191:7)
14 verbose stack     at maybeClose (internal/child_process.js:877:16)
14 verbose stack     at Process.ChildProcess._handle.onexit (internal/child_process.js:226:5)
15 verbose pkgid f5.web@1.0.1
16 verbose cwd D:\wwwroot\f5.web
17 error Windows_NT 6.3.9600
18 error argv "C:\\Program Files\\nodejs\\node.exe" "C:\\Program Files\\nodejs\\node_modules\\npm\\bin\\npm-cli.js" "run" "jit"
19 error node v6.9.1
20 error npm  v3.10.8
21 error code ELIFECYCLE
22 error f5.web@1.0.1 jit: `npm run webpack-jit && webpack-dev-server --config webpack.jit.config.js --port 4201`
22 error Exit status 3221225786
23 error Failed at the f5.web@1.0.1 jit script 'npm run webpack-jit && webpack-dev-server --config webpack.jit.config.js --port 4201'.
23 error Make sure you have the latest version of node.js and npm installed.
23 error If you do, this is most likely a problem with the f5.web package,
23 error not with npm itself.
23 error Tell the author that this fails on your system:
23 error     npm run webpack-jit && webpack-dev-server --config webpack.jit.config.js --port 4201
23 error You can get information on how to open an issue for this project with:
23 error     npm bugs f5.web
23 error Or if that isn't available, you can get their info via:
23 error     npm owner ls f5.web
23 error There is likely additional logging output above.
24 verbose exit [ 1, true ]
